# JRE version: OpenJDK Runtime Environment Temurin-21.0.4+7 (21.0.4+7) (build 21.0.4+7-LTS)
# Java VM: OpenJDK 64-Bit Server VM Temurin-21.0.4+7 (21.0.4+7-LTS, mixed mode, sharing, tiered, compressed oops, compressed class ptrs, g1 gc, windows-amd64)
GC Precious Log:
 CardTable entry size: 512
 Card Set container configuration: InlinePtr #cards 4 size 8 Array Of Cards #cards 16 size 48 Howl #buckets 8 coarsen threshold 3686 Howl Bitmap #cards 512 size 80 coarsen threshold 460 Card regions per heap region 1 cards per card region 4096
 CPUs: 16 total, 16 available
 Memory: 15525M
 Large Page Support: Disabled
 NUMA Support: Disabled
 Compressed Oops: Enabled (Zero based)
 Heap Region Size: 2M
 Heap Min Capacity: 8M
 Heap Initial Capacity: 244M
 Heap Max Capacity: 3882M
 Pre-touch: Disabled
 Parallel Workers: 13
 Concurrent Workers: 3
 Concurrent Refinement Workers: 13
 Periodic GC: Disabled
Heap:
 garbage-first heap   total 143360K, used 50736K [0x000000070d600000, 0x0000000800000000)
  region size 2048K, 4 young (8192K), 0 survivors (0K)
 Metaspace       used 12828K, committed 13376K, reserved 1114112K
  class space    used 1266K, committed 1472K, reserved 1048576K
GC Heap History (20 events):
Event: 1752.977 GC heap before
{Heap before GC invocations=503 (full 290):
 garbage-first heap   total 143360K, used 56623K [0x000000070d600000, 0x0000000800000000)
  region size 2048K, 1 young (2048K), 0 survivors (0K)
 Metaspace       used 12625K, committed 13056K, reserved 1114112K
  class space    used 1235K, committed 1408K, reserved 1048576K
}
Event: 1752.978 GC heap after
{Heap after GC invocations=504 (full 290):
 garbage-first heap   total 143360K, used 36155K [0x000000070d600000, 0x0000000800000000)
  region size 2048K, 1 young (2048K), 1 survivors (2048K)
 Metaspace       used 12625K, committed 13056K, reserved 1114112K
  class space    used 1235K, committed 1408K, reserved 1048576K
}
Event: 1753.006 GC heap before
{Heap before GC invocations=504 (full 290):
 garbage-first heap   total 143360K, used 40251K [0x000000070d600000, 0x0000000800000000)
  region size 2048K, 2 young (4096K), 1 survivors (2048K)
 Metaspace       used 12625K, committed 13056K, reserved 1114112K
  class space    used 1235K, committed 1408K, reserved 1048576K
}
Event: 1753.012 GC heap after
{Heap after GC invocations=505 (full 291):
 garbage-first heap   total 143360K, used 36144K [0x000000070d600000, 0x0000000800000000)
  region size 2048K, 0 young (0K), 0 survivors (0K)
 Metaspace       used 12625K, committed 13056K, reserved 1114112K
  class space    used 1235K, committed 1408K, reserved 1048576K
}
Event: 1769.991 GC heap before
{Heap before GC invocations=505 (full 291):
 garbage-first heap   total 143360K, used 42288K [0x000000070d600000, 0x0000000800000000)
  region size 2048K, 2 young (4096K), 0 survivors (0K)
 Metaspace       used 12625K, committed 13056K, reserved 1114112K
  class space    used 1235K, committed 1408K, reserved 1048576K
}
Event: 1770.000 GC heap after
{Heap after GC invocations=506 (full 292):
 garbage-first heap   total 143360K, used 36144K [0x000000070d600000, 0x0000000800000000)
  region size 2048K, 0 young (0K), 0 survivors (0K)
 Metaspace       used 12625K, committed 13056K, reserved 1114112K
  class space    used 1235K, committed 1408K, reserved 1048576K
}
Event: 1935.334 GC heap before
{Heap before GC invocations=506 (full 292):
 garbage-first heap   total 143360K, used 44336K [0x000000070d600000, 0x0000000800000000)
  region size 2048K, 4 young (8192K), 0 survivors (0K)
 Metaspace       used 12700K, committed 13120K, reserved 1114112K
  class space    used 1248K, committed 1408K, reserved 1048576K
}
Event: 1935.340 GC heap after
{Heap after GC invocations=507 (full 293):
 garbage-first heap   total 143360K, used 38319K [0x000000070d600000, 0x0000000800000000)
  region size 2048K, 0 young (0K), 0 survivors (0K)
 Metaspace       used 12700K, committed 13120K, reserved 1114112K
  class space    used 1248K, committed 1408K, reserved 1048576K
}
Event: 2131.873 GC heap before
{Heap before GC invocations=507 (full 293):
 garbage-first heap   total 143360K, used 44463K [0x000000070d600000, 0x0000000800000000)
  region size 2048K, 3 young (6144K), 0 survivors (0K)
 Metaspace       used 12700K, committed 13120K, reserved 1114112K
  class space    used 1248K, committed 1408K, reserved 1048576K
}
Event: 2131.888 GC heap after
{Heap after GC invocations=508 (full 294):
 garbage-first heap   total 143360K, used 38318K [0x000000070d600000, 0x0000000800000000)
  region size 2048K, 0 young (0K), 0 survivors (0K)
 Metaspace       used 12700K, committed 13120K, reserved 1114112K
  class space    used 1248K, committed 1408K, reserved 1048576K
}
Event: 2223.847 GC heap before
{Heap before GC invocations=508 (full 294):
 garbage-first heap   total 143360K, used 44462K [0x000000070d600000, 0x0000000800000000)
  region size 2048K, 3 young (6144K), 0 survivors (0K)
 Metaspace       used 12792K, committed 13312K, reserved 1114112K
  class space    used 1260K, committed 1472K, reserved 1048576K
}
Event: 2223.854 GC heap after
{Heap after GC invocations=509 (full 295):
 garbage-first heap   total 143360K, used 40494K [0x000000070d600000, 0x0000000800000000)
  region size 2048K, 0 young (0K), 0 survivors (0K)
 Metaspace       used 12792K, committed 13312K, reserved 1114112K
  class space    used 1260K, committed 1472K, reserved 1048576K
}
Event: 2223.914 GC heap before
{Heap before GC invocations=509 (full 295):
 garbage-first heap   total 143360K, used 48686K [0x000000070d600000, 0x0000000800000000)
  region size 2048K, 2 young (4096K), 0 survivors (0K)
 Metaspace       used 12792K, committed 13312K, reserved 1114112K
  class space    used 1260K, committed 1472K, reserved 1048576K
}
Event: 2223.922 GC heap after
{Heap after GC invocations=510 (full 296):
 garbage-first heap   total 143360K, used 40494K [0x000000070d600000, 0x0000000800000000)
  region size 2048K, 0 young (0K), 0 survivors (0K)
 Metaspace       used 12792K, committed 13312K, reserved 1114112K
  class space    used 1260K, committed 1472K, reserved 1048576K
}
Event: 2224.812 GC heap before
{Heap before GC invocations=510 (full 296):
 garbage-first heap   total 143360K, used 48686K [0x000000070d600000, 0x0000000800000000)
  region size 2048K, 2 young (4096K), 0 survivors (0K)
 Metaspace       used 12792K, committed 13312K, reserved 1114112K
  class space    used 1260K, committed 1472K, reserved 1048576K
}
Event: 2224.819 GC heap after
{Heap after GC invocations=511 (full 297):
 garbage-first heap   total 143360K, used 40495K [0x000000070d600000, 0x0000000800000000)
  region size 2048K, 0 young (0K), 0 survivors (0K)
 Metaspace       used 12792K, committed 13312K, reserved 1114112K
  class space    used 1260K, committed 1472K, reserved 1048576K
}
Event: 2228.326 GC heap before
{Heap before GC invocations=511 (full 297):
 garbage-first heap   total 143360K, used 46639K [0x000000070d600000, 0x0000000800000000)
  region size 2048K, 2 young (4096K), 0 survivors (0K)
 Metaspace       used 12792K, committed 13312K, reserved 1114112K
  class space    used 1260K, committed 1472K, reserved 1048576K
}
Event: 2228.339 GC heap after
{Heap after GC invocations=512 (full 298):
 garbage-first heap   total 143360K, used 40495K [0x000000070d600000, 0x0000000800000000)
  region size 2048K, 0 young (0K), 0 survivors (0K)
 Metaspace       used 12792K, committed 13312K, reserved 1114112K
  class space    used 1260K, committed 1472K, reserved 1048576K
}
Event: 2228.516 GC heap before
{Heap before GC invocations=512 (full 298):
 garbage-first heap   total 143360K, used 48687K [0x000000070d600000, 0x0000000800000000)
  region size 2048K, 2 young (4096K), 0 survivors (0K)
 Metaspace       used 12792K, committed 13312K, reserved 1114112K
  class space    used 1260K, committed 1472K, reserved 1048576K
}
Event: 2228.531 GC heap after
{Heap after GC invocations=513 (full 299):
 garbage-first heap   total 143360K, used 40496K [0x000000070d600000, 0x0000000800000000)
  region size 2048K, 0 young (0K), 0 survivors (0K)
 Metaspace       used 12792K, committed 13312K, reserved 1114112K
  class space    used 1260K, committed 1472K, reserved 1048576K
}

